<?xml version="1.0" encoding="UTF-8"?>
<!-- Generated by org.testng.reporters.JUnitReportReporter -->
<testsuite hostname="DESKTOP-S5MMF0I" failures="0" tests="1" name="TestCases.LoginTest" time="6.153" errors="0" timestamp="2023-04-18T14:48:59 IST" skipped="0">
  <testcase classname="TestCases.LoginTest" name="LoginFunctionality" time="6.153"/>
  <system-out/>
</testsuite> <!-- TestCases.LoginTest -->
