<?xml version="1.0" encoding="UTF-8"?>
<!-- Generated by org.testng.reporters.JUnitReportReporter -->
<testsuite hostname="DESKTOP-S5MMF0I" failures="0" tests="1" name="Utils.TestData" time="2.379" errors="0" timestamp="2023-04-24T15:29:57 IST" skipped="0">
  <testcase classname="Utils.TestData" name="TestData" time="2.379"/>
  <system-out/>
</testsuite> <!-- Utils.TestData -->
