<?xml version="1.0" encoding="UTF-8"?>
<!-- Generated by org.testng.reporters.JUnitReportReporter -->
<testsuite hostname="DESKTOP-S5MMF0I" failures="0" tests="2" name="TestCases.E2E_OrderTest" time="41.286" errors="0" timestamp="2023-04-24T15:59:29 IST" skipped="0">
  <testcase classname="TestCases.E2E_OrderTest" name="placeOrder" time="34.316"/>
  <system-out/>
  <testcase classname="TestCases.E2E_OrderTest" name="LoginFunctionality" time="6.970"/>
  <system-out/>
</testsuite> <!-- TestCases.E2E_OrderTest -->
